<?xml version="1.0" encoding="UTF-8"?>
<!-- Generated by org.testng.reporters.JUnitXMLReporter -->
<testsuite hostname="ryanw2-5810" ignored="0" name="Default test" tests="10" failures="0" timestamp="02 Mar 2019 20:48:15 GMT" time="31.775" errors="0">
  <testcase name="verify_message" time="0.018" classname="shop_tool_regression_qa.Konami_shop_tool_regression"/>
  <testcase name="verify_field_present" time="0.467" classname="shop_tool_regression_qa.Konami_shop_tool_regression"/>
  <testcase name="tests_field_values" time="7.242" classname="shop_tool_regression_qa.Konami_shop_tool_regression"/>
  <testcase name="testing_event_start_time" time="4.539" classname="shop_tool_regression_qa.Konami_shop_tool_regression"/>
  <testcase name="testing_Event_End_time" time="4.442" classname="shop_tool_regression_qa.Konami_shop_tool_regression"/>
  <testcase name="checking_Platform" time="1.304" classname="shop_tool_regression_qa.Konami_shop_tool_regression"/>
  <testcase name="testing_Theme_Start_time" time="3.014" classname="shop_tool_regression_qa.Konami_shop_tool_regression"/>
  <testcase name="testing_Theme_End_time" time="3.015" classname="shop_tool_regression_qa.Konami_shop_tool_regression"/>
  <testcase name="newEventThemecreate" time="4.461" classname="shop_tool_regression_qa.Konami_shop_tool_regression"/>
  <testcase name="EventThemeDelete" time="0.0" classname="shop_tool_regression_qa.Konami_shop_tool_regression"/>
</testsuite> <!-- Default test -->
